TN:
SF:src\App.vue
FN:19,(anonymous_0)
FN:1,(anonymous_1)
FNF:2
FNH:0
FNDA:0,(anonymous_0)
FNDA:0,(anonymous_1)
DA:1,0
DA:13,0
DA:14,0
DA:16,0
DA:19,0
LF:5
LH:0
BRF:0
BRH:0
end_of_record
TN:
SF:src\main.ts
FN:14,(anonymous_0)
FNF:1
FNH:0
FNDA:0,(anonymous_0)
DA:1,0
DA:2,0
DA:3,0
DA:4,0
DA:6,0
DA:7,0
DA:9,0
DA:11,0
DA:14,0
LF:9
LH:0
BRF:0
BRH:0
end_of_record
TN:
SF:src\api\index.ts
FN:3,(anonymous_0)
FN:6,Api
FN:16,(anonymous_2)
FN:25,(anonymous_5)
FNF:4
FNH:0
FNDA:0,(anonymous_0)
FNDA:0,Api
FNDA:0,(anonymous_2)
FNDA:0,(anonymous_5)
DA:1,0
DA:3,0
DA:4,0
DA:11,0
DA:12,0
DA:13,0
DA:18,0
DA:19,0
DA:21,0
DA:26,0
DA:27,0
DA:29,0
LF:12
LH:0
BRDA:26,0,0,0
BRDA:27,1,0,0
BRDA:27,1,1,0
BRF:3
BRH:0
end_of_record
TN:
SF:src\components\employee\CardItem.vue
FN:56,(anonymous_0)
FN:1,(anonymous_2)
FNF:2
FNH:2
FNDA:5,(anonymous_0)
FNDA:3,(anonymous_2)
DA:1,15
DA:51,2
DA:56,5
DA:57,5
DA:58,2
LF:5
LH:5
BRDA:56,0,0,3
BRDA:56,0,1,3
BRDA:56,0,2,3
BRDA:1,1,0,9
BRDA:1,1,1,0
BRF:5
BRH:4
end_of_record
TN:
SF:src\components\employee\List.vue
FN:53,(anonymous_0)
FN:54,(anonymous_2)
FN:1,(anonymous_3)
FNF:3
FNH:2
FNDA:2,(anonymous_0)
FNDA:0,(anonymous_2)
FNDA:5,(anonymous_3)
DA:1,10
DA:44,1
DA:45,1
DA:46,1
DA:53,2
DA:54,2
DA:56,1
DA:57,1
LF:8
LH:8
BRDA:53,0,0,1
BRDA:53,0,1,1
BRDA:53,0,2,1
BRDA:1,1,0,1
BRDA:1,1,1,1
BRF:5
BRH:5
end_of_record
TN:
SF:src\components\employee\ListItem.vue
FN:61,(anonymous_0)
FN:1,(anonymous_2)
FNF:2
FNH:2
FNDA:5,(anonymous_0)
FNDA:3,(anonymous_2)
DA:1,15
DA:55,2
DA:61,5
DA:62,5
DA:63,2
LF:5
LH:5
BRDA:61,0,0,3
BRDA:61,0,1,3
BRDA:61,0,2,3
BRDA:1,1,0,9
BRDA:1,1,1,0
BRF:5
BRH:4
end_of_record
TN:
SF:src\components\helper\Header.vue
FN:1,(anonymous_0)
FNF:1
FNH:0
FNDA:0,(anonymous_0)
DA:1,0
LF:1
LH:0
BRF:0
BRH:0
end_of_record
TN:
SF:src\components\helper\Logo.vue
FN:1,(anonymous_0)
FNF:1
FNH:0
FNDA:0,(anonymous_0)
DA:1,0
LF:1
LH:0
BRF:0
BRH:0
end_of_record
TN:
SF:src\components\home\Filter.vue
FN:39,(anonymous_0)
FN:1,(anonymous_3)
FNF:2
FNH:0
FNDA:0,(anonymous_0)
FNDA:0,(anonymous_3)
DA:1,0
DA:36,0
DA:39,0
DA:40,0
DA:46,0
DA:47,0
DA:49,0
LF:7
LH:0
BRDA:39,0,0,0
BRDA:39,0,1,0
BRDA:39,0,2,0
BRF:3
BRH:0
end_of_record
TN:
SF:src\plugins\vuetify.ts
FNF:0
FNH:0
DA:1,0
DA:2,0
DA:4,0
DA:6,0
LF:4
LH:0
BRF:0
BRH:0
end_of_record
TN:
SF:src\router\index.ts
FNF:0
FNH:0
DA:1,0
DA:2,0
DA:3,0
DA:5,0
DA:7,0
DA:15,0
DA:21,0
LF:7
LH:0
BRF:0
BRH:0
end_of_record
TN:
SF:src\views\HomeView.vue
FN:23,(anonymous_0)
FN:36,(anonymous_3)
FN:42,(anonymous_4)
FN:56,(anonymous_7)
FN:63,(anonymous_8)
FN:64,(anonymous_9)
FN:1,(anonymous_10)
FNF:7
FNH:0
FNDA:0,(anonymous_0)
FNDA:0,(anonymous_3)
FNDA:0,(anonymous_4)
FNDA:0,(anonymous_7)
FNDA:0,(anonymous_8)
FNDA:0,(anonymous_9)
FNDA:0,(anonymous_10)
DA:1,0
DA:11,0
DA:12,0
DA:13,0
DA:14,0
DA:23,0
DA:24,0
DA:26,0
DA:30,0
DA:31,0
DA:33,0
DA:34,0
DA:35,0
DA:36,0
DA:37,0
DA:41,0
DA:42,0
DA:43,0
DA:47,0
DA:51,0
DA:54,0
DA:55,0
DA:56,0
DA:62,0
DA:64,0
DA:66,0
DA:69,0
LF:27
LH:0
BRDA:23,0,0,0
BRDA:23,0,1,0
BRDA:23,0,2,0
BRDA:35,1,0,0
BRDA:41,2,0,0
BRDA:62,3,0,0
BRF:6
BRH:0
end_of_record
